{"/home/runner/work/Docupy/Docupy/backend/controllers/auth.controller.ts": {"path":"/home/runner/work/Docupy/Docupy/backend/controllers/auth.controller.ts","statementMap":{"0":{"start":{"line":6,"column":13},"end":{"line":11,"column":null}},"1":{"start":{"line":7,"column":4},"end":{"line":11,"column":null}},"2":{"start":{"line":8,"column":26},"end":{"line":8,"column":null}},"3":{"start":{"line":9,"column":8},"end":{"line":9,"column":null}},"4":{"start":{"line":11,"column":8},"end":{"line":11,"column":null}},"5":{"start":{"line":16,"column":38},"end":{"line":16,"column":null}},"6":{"start":{"line":17,"column":4},"end":{"line":19,"column":null}},"7":{"start":{"line":18,"column":8},"end":{"line":18,"column":null}},"8":{"start":{"line":19,"column":8},"end":{"line":19,"column":null}},"9":{"start":{"line":21,"column":4},"end":{"line":26,"column":null}},"10":{"start":{"line":22,"column":23},"end":{"line":22,"column":64}},"11":{"start":{"line":23,"column":8},"end":{"line":23,"column":null}},"12":{"start":{"line":25,"column":24},"end":{"line":25,"column":null}},"13":{"start":{"line":26,"column":8},"end":{"line":26,"column":null}},"14":{"start":{"line":31,"column":32},"end":{"line":31,"column":null}},"15":{"start":{"line":32,"column":4},"end":{"line":34,"column":null}},"16":{"start":{"line":33,"column":8},"end":{"line":33,"column":null}},"17":{"start":{"line":34,"column":8},"end":{"line":34,"column":null}},"18":{"start":{"line":36,"column":4},"end":{"line":41,"column":null}},"19":{"start":{"line":37,"column":23},"end":{"line":37,"column":55}},"20":{"start":{"line":38,"column":8},"end":{"line":38,"column":null}},"21":{"start":{"line":40,"column":24},"end":{"line":40,"column":null}},"22":{"start":{"line":41,"column":8},"end":{"line":41,"column":null}},"23":{"start":{"line":46,"column":4},"end":{"line":46,"column":null}},"24":{"start":{"line":50,"column":28},"end":{"line":50,"column":null}},"25":{"start":{"line":51,"column":4},"end":{"line":53,"column":null}},"26":{"start":{"line":52,"column":8},"end":{"line":52,"column":null}},"27":{"start":{"line":53,"column":8},"end":{"line":53,"column":null}},"28":{"start":{"line":55,"column":4},"end":{"line":61,"column":null}},"29":{"start":{"line":56,"column":34},"end":{"line":56,"column":null}},"30":{"start":{"line":57,"column":23},"end":{"line":57,"column":82}},"31":{"start":{"line":58,"column":8},"end":{"line":58,"column":null}},"32":{"start":{"line":60,"column":24},"end":{"line":60,"column":null}},"33":{"start":{"line":61,"column":8},"end":{"line":61,"column":null}},"34":{"start":{"line":66,"column":45},"end":{"line":66,"column":null}},"35":{"start":{"line":67,"column":4},"end":{"line":69,"column":null}},"36":{"start":{"line":68,"column":8},"end":{"line":68,"column":null}},"37":{"start":{"line":69,"column":8},"end":{"line":69,"column":null}},"38":{"start":{"line":71,"column":4},"end":{"line":73,"column":null}},"39":{"start":{"line":72,"column":8},"end":{"line":72,"column":null}},"40":{"start":{"line":73,"column":8},"end":{"line":73,"column":null}},"41":{"start":{"line":75,"column":4},"end":{"line":81,"column":null}},"42":{"start":{"line":76,"column":35},"end":{"line":76,"column":null}},"43":{"start":{"line":77,"column":8},"end":{"line":77,"column":null}},"44":{"start":{"line":78,"column":8},"end":{"line":78,"column":null}},"45":{"start":{"line":80,"column":24},"end":{"line":80,"column":null}},"46":{"start":{"line":81,"column":8},"end":{"line":81,"column":null}},"47":{"start":{"line":86,"column":21},"end":{"line":86,"column":null}},"48":{"start":{"line":87,"column":17},"end":{"line":87,"column":130}},"49":{"start":{"line":88,"column":4},"end":{"line":88,"column":null}},"50":{"start":{"line":88,"column":17},"end":{"line":88,"column":71}},"51":{"start":{"line":88,"column":71},"end":{"line":88,"column":null}},"52":{"start":{"line":89,"column":4},"end":{"line":96,"column":null}}},"fnMap":{"0":{"name":"(anonymous_0)","decl":{"start":{"line":6,"column":13},"end":{"line":6,"column":37}},"loc":{"start":{"line":6,"column":69},"end":{"line":11,"column":null}},"line":6},"1":{"name":"handleRegister","decl":{"start":{"line":15,"column":22},"end":{"line":15,"column":37}},"loc":{"start":{"line":15,"column":66},"end":{"line":26,"column":null}},"line":15},"2":{"name":"handleLogin","decl":{"start":{"line":30,"column":22},"end":{"line":30,"column":34}},"loc":{"start":{"line":30,"column":63},"end":{"line":41,"column":null}},"line":30},"3":{"name":"handleMe","decl":{"start":{"line":45,"column":16},"end":{"line":45,"column":25}},"loc":{"start":{"line":45,"column":58},"end":{"line":46,"column":null}},"line":45},"4":{"name":"handleUpdateProfile","decl":{"start":{"line":49,"column":22},"end":{"line":49,"column":42}},"loc":{"start":{"line":49,"column":75},"end":{"line":61,"column":null}},"line":49},"5":{"name":"handleChangePassword","decl":{"start":{"line":65,"column":22},"end":{"line":65,"column":43}},"loc":{"start":{"line":65,"column":76},"end":{"line":81,"column":null}},"line":65},"6":{"name":"handleGetProfile","decl":{"start":{"line":85,"column":22},"end":{"line":85,"column":39}},"loc":{"start":{"line":85,"column":72},"end":{"line":96,"column":null}},"line":85}},"branchMap":{"0":{"loc":{"start":{"line":17,"column":4},"end":{"line":19,"column":null}},"type":"if","locations":[{"start":{"line":17,"column":4},"end":{"line":19,"column":null}},{"start":{},"end":{}}],"line":17},"1":{"loc":{"start":{"line":17,"column":8},"end":{"line":17,"column":38}},"type":"binary-expr","locations":[{"start":{"line":17,"column":8},"end":{"line":17,"column":17}},{"start":{"line":17,"column":17},"end":{"line":17,"column":27}},{"start":{"line":17,"column":27},"end":{"line":17,"column":38}}],"line":17},"2":{"loc":{"start":{"line":25,"column":24},"end":{"line":25,"column":null}},"type":"cond-expr","locations":[{"start":{"line":25,"column":47},"end":{"line":25,"column":61}},{"start":{"line":25,"column":61},"end":{"line":25,"column":null}}],"line":25},"3":{"loc":{"start":{"line":32,"column":4},"end":{"line":34,"column":null}},"type":"if","locations":[{"start":{"line":32,"column":4},"end":{"line":34,"column":null}},{"start":{},"end":{}}],"line":32},"4":{"loc":{"start":{"line":32,"column":8},"end":{"line":32,"column":29}},"type":"binary-expr","locations":[{"start":{"line":32,"column":8},"end":{"line":32,"column":18}},{"start":{"line":32,"column":18},"end":{"line":32,"column":29}}],"line":32},"5":{"loc":{"start":{"line":40,"column":24},"end":{"line":40,"column":null}},"type":"cond-expr","locations":[{"start":{"line":40,"column":47},"end":{"line":40,"column":61}},{"start":{"line":40,"column":61},"end":{"line":40,"column":null}}],"line":40},"6":{"loc":{"start":{"line":51,"column":4},"end":{"line":53,"column":null}},"type":"if","locations":[{"start":{"line":51,"column":4},"end":{"line":53,"column":null}},{"start":{},"end":{}}],"line":51},"7":{"loc":{"start":{"line":51,"column":8},"end":{"line":51,"column":39}},"type":"binary-expr","locations":[{"start":{"line":51,"column":8},"end":{"line":51,"column":21}},{"start":{"line":51,"column":25},"end":{"line":51,"column":39}}],"line":51},"8":{"loc":{"start":{"line":60,"column":24},"end":{"line":60,"column":null}},"type":"cond-expr","locations":[{"start":{"line":60,"column":47},"end":{"line":60,"column":61}},{"start":{"line":60,"column":61},"end":{"line":60,"column":null}}],"line":60},"9":{"loc":{"start":{"line":67,"column":4},"end":{"line":69,"column":null}},"type":"if","locations":[{"start":{"line":67,"column":4},"end":{"line":69,"column":null}},{"start":{},"end":{}}],"line":67},"10":{"loc":{"start":{"line":67,"column":8},"end":{"line":67,"column":42}},"type":"binary-expr","locations":[{"start":{"line":67,"column":8},"end":{"line":67,"column":28}},{"start":{"line":67,"column":28},"end":{"line":67,"column":42}}],"line":67},"11":{"loc":{"start":{"line":71,"column":4},"end":{"line":73,"column":null}},"type":"if","locations":[{"start":{"line":71,"column":4},"end":{"line":73,"column":null}},{"start":{},"end":{}}],"line":71},"12":{"loc":{"start":{"line":80,"column":24},"end":{"line":80,"column":null}},"type":"cond-expr","locations":[{"start":{"line":80,"column":47},"end":{"line":80,"column":61}},{"start":{"line":80,"column":61},"end":{"line":80,"column":null}}],"line":80},"13":{"loc":{"start":{"line":88,"column":4},"end":{"line":88,"column":null}},"type":"if","locations":[{"start":{"line":88,"column":4},"end":{"line":88,"column":null}},{"start":{},"end":{}}],"line":88}},"s":{"0":1,"1":2,"2":2,"3":2,"4":1,"5":6,"6":6,"7":3,"8":3,"9":3,"10":3,"11":1,"12":2,"13":2,"14":5,"15":5,"16":2,"17":2,"18":3,"19":3,"20":1,"21":2,"22":2,"23":2,"24":5,"25":5,"26":3,"27":3,"28":2,"29":2,"30":2,"31":1,"32":1,"33":1,"34":6,"35":6,"36":2,"37":2,"38":4,"39":1,"40":1,"41":3,"42":3,"43":3,"44":1,"45":2,"46":2,"47":3,"48":3,"49":3,"50":1,"51":1,"52":2},"f":{"0":2,"1":6,"2":5,"3":2,"4":5,"5":6,"6":3},"b":{"0":[3,3],"1":[6,5,4],"2":[1,1],"3":[2,3],"4":[5,4],"5":[1,1],"6":[3,2],"7":[5,3],"8":[0,1],"9":[2,4],"10":[6,5],"11":[1,3],"12":[1,1],"13":[1,2]},"meta":{"lastBranch":14,"lastFunction":7,"lastStatement":53,"seen":{"s:6:13:11:Infinity":0,"f:6:13:6:37":0,"s:7:4:11:Infinity":1,"s:8:26:8:Infinity":2,"s:9:8:9:Infinity":3,"s:11:8:11:Infinity":4,"f:15:22:15:37":1,"s:16:38:16:Infinity":5,"b:17:4:19:Infinity:undefined:undefined:undefined:undefined":0,"s:17:4:19:Infinity":6,"b:17:8:17:17:17:17:17:27:17:27:17:38":1,"s:18:8:18:Infinity":7,"s:19:8:19:Infinity":8,"s:21:4:26:Infinity":9,"s:22:23:22:64":10,"s:23:8:23:Infinity":11,"s:25:24:25:Infinity":12,"b:25:47:25:61:25:61:25:Infinity":2,"s:26:8:26:Infinity":13,"f:30:22:30:34":2,"s:31:32:31:Infinity":14,"b:32:4:34:Infinity:undefined:undefined:undefined:undefined":3,"s:32:4:34:Infinity":15,"b:32:8:32:18:32:18:32:29":4,"s:33:8:33:Infinity":16,"s:34:8:34:Infinity":17,"s:36:4:41:Infinity":18,"s:37:23:37:55":19,"s:38:8:38:Infinity":20,"s:40:24:40:Infinity":21,"b:40:47:40:61:40:61:40:Infinity":5,"s:41:8:41:Infinity":22,"f:45:16:45:25":3,"s:46:4:46:Infinity":23,"f:49:22:49:42":4,"s:50:28:50:Infinity":24,"b:51:4:53:Infinity:undefined:undefined:undefined:undefined":6,"s:51:4:53:Infinity":25,"b:51:8:51:21:51:25:51:39":7,"s:52:8:52:Infinity":26,"s:53:8:53:Infinity":27,"s:55:4:61:Infinity":28,"s:56:34:56:Infinity":29,"s:57:23:57:82":30,"s:58:8:58:Infinity":31,"s:60:24:60:Infinity":32,"b:60:47:60:61:60:61:60:Infinity":8,"s:61:8:61:Infinity":33,"f:65:22:65:43":5,"s:66:45:66:Infinity":34,"b:67:4:69:Infinity:undefined:undefined:undefined:undefined":9,"s:67:4:69:Infinity":35,"b:67:8:67:28:67:28:67:42":10,"s:68:8:68:Infinity":36,"s:69:8:69:Infinity":37,"b:71:4:73:Infinity:undefined:undefined:undefined:undefined":11,"s:71:4:73:Infinity":38,"s:72:8:72:Infinity":39,"s:73:8:73:Infinity":40,"s:75:4:81:Infinity":41,"s:76:35:76:Infinity":42,"s:77:8:77:Infinity":43,"s:78:8:78:Infinity":44,"s:80:24:80:Infinity":45,"b:80:47:80:61:80:61:80:Infinity":12,"s:81:8:81:Infinity":46,"f:85:22:85:39":6,"s:86:21:86:Infinity":47,"s:87:17:87:130":48,"b:88:4:88:Infinity:undefined:undefined:undefined:undefined":13,"s:88:4:88:Infinity":49,"s:88:17:88:71":50,"s:88:71:88:Infinity":51,"s:89:4:96:Infinity":52}}}
,"/home/runner/work/Docupy/Docupy/backend/controllers/chat.controller.ts": {"path":"/home/runner/work/Docupy/Docupy/backend/controllers/chat.controller.ts","statementMap":{"0":{"start":{"line":8,"column":20},"end":{"line":8,"column":null}},"1":{"start":{"line":23,"column":4},"end":{"line":23,"column":null}},"2":{"start":{"line":24,"column":4},"end":{"line":24,"column":null}},"3":{"start":{"line":25,"column":4},"end":{"line":25,"column":null}},"4":{"start":{"line":26,"column":4},"end":{"line":26,"column":null}},"5":{"start":{"line":28,"column":10},"end":{"line":28,"column":46}},"6":{"start":{"line":29,"column":21},"end":{"line":29,"column":null}},"7":{"start":{"line":31,"column":4},"end":{"line":35,"column":null}},"8":{"start":{"line":32,"column":22},"end":{"line":32,"column":null}},"9":{"start":{"line":33,"column":8},"end":{"line":35,"column":null}},"10":{"start":{"line":34,"column":12},"end":{"line":34,"column":null}},"11":{"start":{"line":35,"column":12},"end":{"line":35,"column":null}},"12":{"start":{"line":39,"column":4},"end":{"line":39,"column":null}},"13":{"start":{"line":40,"column":4},"end":{"line":40,"column":null}},"14":{"start":{"line":41,"column":4},"end":{"line":41,"column":null}},"15":{"start":{"line":43,"column":4},"end":{"line":46,"column":null}},"16":{"start":{"line":49,"column":26},"end":{"line":81,"column":null}},"17":{"start":{"line":50,"column":37},"end":{"line":50,"column":null}},"18":{"start":{"line":52,"column":4},"end":{"line":54,"column":null}},"19":{"start":{"line":53,"column":8},"end":{"line":53,"column":null}},"20":{"start":{"line":54,"column":8},"end":{"line":54,"column":null}},"21":{"start":{"line":57,"column":4},"end":{"line":81,"column":null}},"22":{"start":{"line":58,"column":34},"end":{"line":58,"column":null}},"23":{"start":{"line":61,"column":23},"end":{"line":67,"column":null}},"24":{"start":{"line":70,"column":24},"end":{"line":70,"column":63}},"25":{"start":{"line":70,"column":40},"end":{"line":70,"column":50}},"26":{"start":{"line":71,"column":23},"end":{"line":71,"column":53}},"27":{"start":{"line":73,"column":8},"end":{"line":76,"column":null}},"28":{"start":{"line":78,"column":8},"end":{"line":78,"column":null}},"29":{"start":{"line":80,"column":8},"end":{"line":80,"column":null}},"30":{"start":{"line":81,"column":8},"end":{"line":81,"column":null}},"31":{"start":{"line":85,"column":32},"end":{"line":113,"column":null}},"32":{"start":{"line":86,"column":37},"end":{"line":86,"column":null}},"33":{"start":{"line":88,"column":4},"end":{"line":90,"column":null}},"34":{"start":{"line":89,"column":8},"end":{"line":89,"column":null}},"35":{"start":{"line":90,"column":8},"end":{"line":90,"column":null}},"36":{"start":{"line":93,"column":4},"end":{"line":113,"column":null}},"37":{"start":{"line":94,"column":34},"end":{"line":94,"column":null}},"38":{"start":{"line":96,"column":23},"end":{"line":102,"column":null}},"39":{"start":{"line":105,"column":24},"end":{"line":105,"column":63}},"40":{"start":{"line":105,"column":40},"end":{"line":105,"column":50}},"41":{"start":{"line":106,"column":8},"end":{"line":106,"column":null}},"42":{"start":{"line":108,"column":8},"end":{"line":108,"column":null}},"43":{"start":{"line":109,"column":8},"end":{"line":113,"column":null}},"44":{"start":{"line":110,"column":12},"end":{"line":110,"column":null}},"45":{"start":{"line":112,"column":12},"end":{"line":112,"column":null}},"46":{"start":{"line":113,"column":12},"end":{"line":113,"column":null}},"47":{"start":{"line":118,"column":35},"end":{"line":154,"column":null}},"48":{"start":{"line":119,"column":25},"end":{"line":119,"column":null}},"49":{"start":{"line":121,"column":4},"end":{"line":123,"column":null}},"50":{"start":{"line":122,"column":8},"end":{"line":122,"column":null}},"51":{"start":{"line":123,"column":8},"end":{"line":123,"column":null}},"52":{"start":{"line":126,"column":4},"end":{"line":154,"column":null}},"53":{"start":{"line":127,"column":34},"end":{"line":127,"column":null}},"54":{"start":{"line":129,"column":23},"end":{"line":135,"column":null}},"55":{"start":{"line":138,"column":8},"end":{"line":140,"column":null}},"56":{"start":{"line":139,"column":12},"end":{"line":139,"column":null}},"57":{"start":{"line":140,"column":12},"end":{"line":140,"column":null}},"58":{"start":{"line":143,"column":24},"end":{"line":145,"column":25}},"59":{"start":{"line":144,"column":24},"end":{"line":144,"column":78}},"60":{"start":{"line":147,"column":8},"end":{"line":147,"column":null}},"61":{"start":{"line":149,"column":8},"end":{"line":149,"column":null}},"62":{"start":{"line":150,"column":8},"end":{"line":154,"column":null}},"63":{"start":{"line":151,"column":12},"end":{"line":151,"column":null}},"64":{"start":{"line":153,"column":12},"end":{"line":153,"column":null}},"65":{"start":{"line":154,"column":12},"end":{"line":154,"column":null}},"66":{"start":{"line":159,"column":33},"end":{"line":171,"column":null}},"67":{"start":{"line":160,"column":27},"end":{"line":160,"column":null}},"68":{"start":{"line":162,"column":4},"end":{"line":171,"column":null}},"69":{"start":{"line":163,"column":25},"end":{"line":167,"column":10}},"70":{"start":{"line":168,"column":8},"end":{"line":168,"column":null}},"71":{"start":{"line":170,"column":8},"end":{"line":170,"column":null}},"72":{"start":{"line":171,"column":8},"end":{"line":171,"column":null}}},"fnMap":{"0":{"name":"runStream","decl":{"start":{"line":15,"column":15},"end":{"line":15,"column":null}},"loc":{"start":{"line":22,"column":2},"end":{"line":46,"column":null}},"line":22},"1":{"name":"(anonymous_1)","decl":{"start":{"line":49,"column":26},"end":{"line":49,"column":33}},"loc":{"start":{"line":49,"column":69},"end":{"line":81,"column":null}},"line":49},"2":{"name":"(anonymous_2)","decl":{"start":{"line":70,"column":29},"end":{"line":70,"column":34}},"loc":{"start":{"line":70,"column":40},"end":{"line":70,"column":50}},"line":70},"3":{"name":"(anonymous_3)","decl":{"start":{"line":85,"column":32},"end":{"line":85,"column":39}},"loc":{"start":{"line":85,"column":75},"end":{"line":113,"column":null}},"line":85},"4":{"name":"(anonymous_4)","decl":{"start":{"line":105,"column":29},"end":{"line":105,"column":34}},"loc":{"start":{"line":105,"column":40},"end":{"line":105,"column":50}},"line":105},"5":{"name":"(anonymous_5)","decl":{"start":{"line":118,"column":35},"end":{"line":118,"column":42}},"loc":{"start":{"line":118,"column":78},"end":{"line":154,"column":null}},"line":118},"6":{"name":"(anonymous_6)","decl":{"start":{"line":144,"column":13},"end":{"line":144,"column":18}},"loc":{"start":{"line":144,"column":24},"end":{"line":144,"column":78}},"line":144},"7":{"name":"(anonymous_7)","decl":{"start":{"line":159,"column":33},"end":{"line":159,"column":40}},"loc":{"start":{"line":159,"column":76},"end":{"line":171,"column":null}},"line":159}},"branchMap":{"0":{"loc":{"start":{"line":32,"column":22},"end":{"line":32,"column":null}},"type":"binary-expr","locations":[{"start":{"line":32,"column":22},"end":{"line":32,"column":58}},{"start":{"line":32,"column":58},"end":{"line":32,"column":null}}],"line":32},"1":{"loc":{"start":{"line":33,"column":8},"end":{"line":35,"column":null}},"type":"if","locations":[{"start":{"line":33,"column":8},"end":{"line":35,"column":null}},{"start":{},"end":{}}],"line":33},"2":{"loc":{"start":{"line":52,"column":4},"end":{"line":54,"column":null}},"type":"if","locations":[{"start":{"line":52,"column":4},"end":{"line":54,"column":null}},{"start":{},"end":{}}],"line":52},"3":{"loc":{"start":{"line":52,"column":8},"end":{"line":52,"column":34}},"type":"binary-expr","locations":[{"start":{"line":52,"column":8},"end":{"line":52,"column":21}},{"start":{"line":52,"column":21},"end":{"line":52,"column":34}}],"line":52},"4":{"loc":{"start":{"line":74,"column":34},"end":{"line":74,"column":54}},"type":"binary-expr","locations":[{"start":{"line":74,"column":34},"end":{"line":74,"column":48}},{"start":{"line":74,"column":48},"end":{"line":74,"column":54}}],"line":74},"5":{"loc":{"start":{"line":75,"column":34},"end":{"line":75,"column":54}},"type":"binary-expr","locations":[{"start":{"line":75,"column":34},"end":{"line":75,"column":48}},{"start":{"line":75,"column":48},"end":{"line":75,"column":54}}],"line":75},"6":{"loc":{"start":{"line":88,"column":4},"end":{"line":90,"column":null}},"type":"if","locations":[{"start":{"line":88,"column":4},"end":{"line":90,"column":null}},{"start":{},"end":{}}],"line":88},"7":{"loc":{"start":{"line":88,"column":8},"end":{"line":88,"column":34}},"type":"binary-expr","locations":[{"start":{"line":88,"column":8},"end":{"line":88,"column":21}},{"start":{"line":88,"column":21},"end":{"line":88,"column":34}}],"line":88},"8":{"loc":{"start":{"line":106,"column":60},"end":{"line":106,"column":80}},"type":"binary-expr","locations":[{"start":{"line":106,"column":60},"end":{"line":106,"column":74}},{"start":{"line":106,"column":74},"end":{"line":106,"column":80}}],"line":106},"9":{"loc":{"start":{"line":109,"column":8},"end":{"line":113,"column":null}},"type":"if","locations":[{"start":{"line":109,"column":8},"end":{"line":113,"column":null}},{"start":{"line":111,"column":15},"end":{"line":113,"column":null}}],"line":109},"10":{"loc":{"start":{"line":121,"column":4},"end":{"line":123,"column":null}},"type":"if","locations":[{"start":{"line":121,"column":4},"end":{"line":123,"column":null}},{"start":{},"end":{}}],"line":121},"11":{"loc":{"start":{"line":138,"column":8},"end":{"line":140,"column":null}},"type":"if","locations":[{"start":{"line":138,"column":8},"end":{"line":140,"column":null}},{"start":{},"end":{}}],"line":138},"12":{"loc":{"start":{"line":144,"column":39},"end":{"line":144,"column":60}},"type":"binary-expr","locations":[{"start":{"line":144,"column":39},"end":{"line":144,"column":49}},{"start":{"line":144,"column":49},"end":{"line":144,"column":60}}],"line":144},"13":{"loc":{"start":{"line":147,"column":61},"end":{"line":147,"column":81}},"type":"binary-expr","locations":[{"start":{"line":147,"column":61},"end":{"line":147,"column":75}},{"start":{"line":147,"column":75},"end":{"line":147,"column":81}}],"line":147},"14":{"loc":{"start":{"line":150,"column":8},"end":{"line":154,"column":null}},"type":"if","locations":[{"start":{"line":150,"column":8},"end":{"line":154,"column":null}},{"start":{"line":152,"column":15},"end":{"line":154,"column":null}}],"line":150}},"s":{"0":1,"1":7,"2":7,"3":7,"4":7,"5":7,"6":7,"7":7,"8":6,"9":6,"10":6,"11":6,"12":5,"13":5,"14":5,"15":5,"16":1,"17":7,"18":7,"19":2,"20":2,"21":5,"22":5,"23":4,"24":4,"25":5,"26":4,"27":4,"28":4,"29":1,"30":1,"31":1,"32":6,"33":6,"34":2,"35":2,"36":4,"37":4,"38":3,"39":3,"40":3,"41":3,"42":2,"43":2,"44":1,"45":1,"46":1,"47":1,"48":7,"49":7,"50":1,"51":1,"52":6,"53":6,"54":5,"55":5,"56":1,"57":1,"58":4,"59":4,"60":4,"61":2,"62":2,"63":1,"64":1,"65":1,"66":1,"67":2,"68":2,"69":2,"70":1,"71":1,"72":1},"f":{"0":7,"1":7,"2":5,"3":6,"4":3,"5":7,"6":4,"7":2},"b":{"0":[6,0],"1":[6,0],"2":[2,5],"3":[7,6],"4":[4,1],"5":[7,1],"6":[2,4],"7":[6,5],"8":[3,0],"9":[1,1],"10":[1,6],"11":[1,4],"12":[4,1],"13":[4,0],"14":[1,1]},"meta":{"lastBranch":15,"lastFunction":8,"lastStatement":73,"seen":{"s:8:20:8:Infinity":0,"f:15:15:15:Infinity":0,"s:23:4:23:Infinity":1,"s:24:4:24:Infinity":2,"s:25:4:25:Infinity":3,"s:26:4:26:Infinity":4,"s:28:10:28:46":5,"s:29:21:29:Infinity":6,"s:31:4:35:Infinity":7,"s:32:22:32:Infinity":8,"b:32:22:32:58:32:58:32:Infinity":0,"b:33:8:35:Infinity:undefined:undefined:undefined:undefined":1,"s:33:8:35:Infinity":9,"s:34:12:34:Infinity":10,"s:35:12:35:Infinity":11,"s:39:4:39:Infinity":12,"s:40:4:40:Infinity":13,"s:41:4:41:Infinity":14,"s:43:4:46:Infinity":15,"s:49:26:81:Infinity":16,"f:49:26:49:33":1,"s:50:37:50:Infinity":17,"b:52:4:54:Infinity:undefined:undefined:undefined:undefined":2,"s:52:4:54:Infinity":18,"b:52:8:52:21:52:21:52:34":3,"s:53:8:53:Infinity":19,"s:54:8:54:Infinity":20,"s:57:4:81:Infinity":21,"s:58:34:58:Infinity":22,"s:61:23:67:Infinity":23,"s:70:24:70:63":24,"f:70:29:70:34":2,"s:70:40:70:50":25,"s:71:23:71:53":26,"s:73:8:76:Infinity":27,"b:74:34:74:48:74:48:74:54":4,"b:75:34:75:48:75:48:75:54":5,"s:78:8:78:Infinity":28,"s:80:8:80:Infinity":29,"s:81:8:81:Infinity":30,"s:85:32:113:Infinity":31,"f:85:32:85:39":3,"s:86:37:86:Infinity":32,"b:88:4:90:Infinity:undefined:undefined:undefined:undefined":6,"s:88:4:90:Infinity":33,"b:88:8:88:21:88:21:88:34":7,"s:89:8:89:Infinity":34,"s:90:8:90:Infinity":35,"s:93:4:113:Infinity":36,"s:94:34:94:Infinity":37,"s:96:23:102:Infinity":38,"s:105:24:105:63":39,"f:105:29:105:34":4,"s:105:40:105:50":40,"s:106:8:106:Infinity":41,"b:106:60:106:74:106:74:106:80":8,"s:108:8:108:Infinity":42,"b:109:8:113:Infinity:111:15:113:Infinity":9,"s:109:8:113:Infinity":43,"s:110:12:110:Infinity":44,"s:112:12:112:Infinity":45,"s:113:12:113:Infinity":46,"s:118:35:154:Infinity":47,"f:118:35:118:42":5,"s:119:25:119:Infinity":48,"b:121:4:123:Infinity:undefined:undefined:undefined:undefined":10,"s:121:4:123:Infinity":49,"s:122:8:122:Infinity":50,"s:123:8:123:Infinity":51,"s:126:4:154:Infinity":52,"s:127:34:127:Infinity":53,"s:129:23:135:Infinity":54,"b:138:8:140:Infinity:undefined:undefined:undefined:undefined":11,"s:138:8:140:Infinity":55,"s:139:12:139:Infinity":56,"s:140:12:140:Infinity":57,"s:143:24:145:25":58,"f:144:13:144:18":6,"s:144:24:144:78":59,"b:144:39:144:49:144:49:144:60":12,"s:147:8:147:Infinity":60,"b:147:61:147:75:147:75:147:81":13,"s:149:8:149:Infinity":61,"b:150:8:154:Infinity:152:15:154:Infinity":14,"s:150:8:154:Infinity":62,"s:151:12:151:Infinity":63,"s:153:12:153:Infinity":64,"s:154:12:154:Infinity":65,"s:159:33:171:Infinity":66,"f:159:33:159:40":7,"s:160:27:160:Infinity":67,"s:162:4:171:Infinity":68,"s:163:25:167:10":69,"s:168:8:168:Infinity":70,"s:170:8:170:Infinity":71,"s:171:8:171:Infinity":72}}}
,"/home/runner/work/Docupy/Docupy/backend/controllers/guest.controller.ts": {"path":"/home/runner/work/Docupy/Docupy/backend/controllers/guest.controller.ts","statementMap":{"0":{"start":{"line":10,"column":33},"end":{"line":30,"column":null}},"1":{"start":{"line":11,"column":17},"end":{"line":11,"column":null}},"2":{"start":{"line":12,"column":4},"end":{"line":30,"column":null}},"3":{"start":{"line":13,"column":21},"end":{"line":13,"column":64}},"4":{"start":{"line":14,"column":14},"end":{"line":14,"column":38}},"5":{"start":{"line":15,"column":21},"end":{"line":15,"column":62}},"6":{"start":{"line":17,"column":28},"end":{"line":21,"column":null}},"7":{"start":{"line":18,"column":43},"end":{"line":21,"column":15}},"8":{"start":{"line":24,"column":14},"end":{"line":24,"column":63}},"9":{"start":{"line":25,"column":8},"end":{"line":25,"column":null}},"10":{"start":{"line":27,"column":8},"end":{"line":27,"column":null}},"11":{"start":{"line":28,"column":8},"end":{"line":28,"column":null}},"12":{"start":{"line":30,"column":8},"end":{"line":30,"column":null}},"13":{"start":{"line":34,"column":37},"end":{"line":80,"column":null}},"14":{"start":{"line":35,"column":36},"end":{"line":35,"column":null}},"15":{"start":{"line":37,"column":4},"end":{"line":39,"column":null}},"16":{"start":{"line":38,"column":8},"end":{"line":38,"column":null}},"17":{"start":{"line":39,"column":8},"end":{"line":39,"column":null}},"18":{"start":{"line":42,"column":10},"end":{"line":42,"column":46}},"19":{"start":{"line":43,"column":4},"end":{"line":45,"column":null}},"20":{"start":{"line":44,"column":8},"end":{"line":44,"column":null}},"21":{"start":{"line":45,"column":8},"end":{"line":45,"column":null}},"22":{"start":{"line":48,"column":4},"end":{"line":80,"column":null}},"23":{"start":{"line":49,"column":34},"end":{"line":49,"column":62}},"24":{"start":{"line":51,"column":23},"end":{"line":54,"column":24}},"25":{"start":{"line":52,"column":29},"end":{"line":52,"column":101}},"26":{"start":{"line":53,"column":28},"end":{"line":53,"column":46}},"27":{"start":{"line":56,"column":24},"end":{"line":56,"column":71}},"28":{"start":{"line":56,"column":42},"end":{"line":56,"column":58}},"29":{"start":{"line":57,"column":24},"end":{"line":57,"column":73}},"30":{"start":{"line":57,"column":43},"end":{"line":57,"column":71}},"31":{"start":{"line":59,"column":8},"end":{"line":59,"column":null}},"32":{"start":{"line":60,"column":8},"end":{"line":60,"column":null}},"33":{"start":{"line":61,"column":8},"end":{"line":61,"column":null}},"34":{"start":{"line":62,"column":8},"end":{"line":62,"column":null}},"35":{"start":{"line":64,"column":14},"end":{"line":64,"column":50}},"36":{"start":{"line":66,"column":8},"end":{"line":68,"column":null}},"37":{"start":{"line":67,"column":26},"end":{"line":67,"column":null}},"38":{"start":{"line":68,"column":12},"end":{"line":68,"column":null}},"39":{"start":{"line":68,"column":23},"end":{"line":68,"column":null}},"40":{"start":{"line":71,"column":8},"end":{"line":71,"column":null}},"41":{"start":{"line":72,"column":8},"end":{"line":72,"column":null}},"42":{"start":{"line":73,"column":8},"end":{"line":73,"column":null}},"43":{"start":{"line":75,"column":8},"end":{"line":75,"column":null}},"44":{"start":{"line":76,"column":8},"end":{"line":80,"column":null}},"45":{"start":{"line":77,"column":12},"end":{"line":77,"column":null}},"46":{"start":{"line":79,"column":12},"end":{"line":79,"column":null}},"47":{"start":{"line":80,"column":12},"end":{"line":80,"column":null}}},"fnMap":{"0":{"name":"(anonymous_0)","decl":{"start":{"line":10,"column":33},"end":{"line":10,"column":40}},"loc":{"start":{"line":10,"column":72},"end":{"line":30,"column":null}},"line":10},"1":{"name":"(anonymous_1)","decl":{"start":{"line":18,"column":23},"end":{"line":18,"column":30}},"loc":{"start":{"line":18,"column":43},"end":{"line":21,"column":15}},"line":18},"2":{"name":"(anonymous_2)","decl":{"start":{"line":30,"column":23},"end":{"line":30,"column":35}},"loc":{"start":{"line":30,"column":35},"end":{"line":30,"column":38}},"line":30},"3":{"name":"(anonymous_3)","decl":{"start":{"line":34,"column":37},"end":{"line":34,"column":44}},"loc":{"start":{"line":34,"column":76},"end":{"line":80,"column":null}},"line":34},"4":{"name":"(anonymous_4)","decl":{"start":{"line":52,"column":13},"end":{"line":52,"column":18}},"loc":{"start":{"line":52,"column":29},"end":{"line":52,"column":101}},"line":52},"5":{"name":"(anonymous_5)","decl":{"start":{"line":53,"column":13},"end":{"line":53,"column":19}},"loc":{"start":{"line":53,"column":28},"end":{"line":53,"column":46}},"line":53},"6":{"name":"(anonymous_6)","decl":{"start":{"line":56,"column":31},"end":{"line":56,"column":36}},"loc":{"start":{"line":56,"column":42},"end":{"line":56,"column":58}},"line":56},"7":{"name":"(anonymous_7)","decl":{"start":{"line":57,"column":31},"end":{"line":57,"column":36}},"loc":{"start":{"line":57,"column":43},"end":{"line":57,"column":71}},"line":57}},"branchMap":{"0":{"loc":{"start":{"line":37,"column":4},"end":{"line":39,"column":null}},"type":"if","locations":[{"start":{"line":37,"column":4},"end":{"line":39,"column":null}},{"start":{},"end":{}}],"line":37},"1":{"loc":{"start":{"line":37,"column":8},"end":{"line":37,"column":33}},"type":"binary-expr","locations":[{"start":{"line":37,"column":8},"end":{"line":37,"column":21}},{"start":{"line":37,"column":21},"end":{"line":37,"column":33}}],"line":37},"2":{"loc":{"start":{"line":43,"column":4},"end":{"line":45,"column":null}},"type":"if","locations":[{"start":{"line":43,"column":4},"end":{"line":45,"column":null}},{"start":{},"end":{}}],"line":43},"3":{"loc":{"start":{"line":67,"column":26},"end":{"line":67,"column":null}},"type":"binary-expr","locations":[{"start":{"line":67,"column":26},"end":{"line":67,"column":62}},{"start":{"line":67,"column":62},"end":{"line":67,"column":null}}],"line":67},"4":{"loc":{"start":{"line":68,"column":12},"end":{"line":68,"column":null}},"type":"if","locations":[{"start":{"line":68,"column":12},"end":{"line":68,"column":null}},{"start":{},"end":{}}],"line":68},"5":{"loc":{"start":{"line":76,"column":8},"end":{"line":80,"column":null}},"type":"if","locations":[{"start":{"line":76,"column":8},"end":{"line":80,"column":null}},{"start":{"line":78,"column":15},"end":{"line":80,"column":null}}],"line":76}},"s":{"0":1,"1":5,"2":5,"3":5,"4":4,"5":4,"6":4,"7":6,"8":3,"9":3,"10":2,"11":2,"12":5,"13":1,"14":8,"15":8,"16":2,"17":2,"18":6,"19":6,"20":1,"21":1,"22":5,"23":5,"24":4,"25":7,"26":6,"27":4,"28":6,"29":4,"30":6,"31":4,"32":4,"33":4,"34":4,"35":4,"36":4,"37":5,"38":5,"39":5,"40":4,"41":4,"42":4,"43":1,"44":1,"45":1,"46":0,"47":0},"f":{"0":5,"1":6,"2":5,"3":8,"4":7,"5":6,"6":6,"7":6},"b":{"0":[2,6],"1":[8,7],"2":[1,5],"3":[5,0],"4":[5,0],"5":[1,0]},"meta":{"lastBranch":6,"lastFunction":8,"lastStatement":48,"seen":{"s:10:33:30:Infinity":0,"f:10:33:10:40":0,"s:11:17:11:Infinity":1,"s:12:4:30:Infinity":2,"s:13:21:13:64":3,"s:14:14:14:38":4,"s:15:21:15:62":5,"s:17:28:21:Infinity":6,"f:18:23:18:30":1,"s:18:43:21:15":7,"s:24:14:24:63":8,"s:25:8:25:Infinity":9,"s:27:8:27:Infinity":10,"s:28:8:28:Infinity":11,"s:30:8:30:Infinity":12,"f:30:23:30:35":2,"s:34:37:80:Infinity":13,"f:34:37:34:44":3,"s:35:36:35:Infinity":14,"b:37:4:39:Infinity:undefined:undefined:undefined:undefined":0,"s:37:4:39:Infinity":15,"b:37:8:37:21:37:21:37:33":1,"s:38:8:38:Infinity":16,"s:39:8:39:Infinity":17,"s:42:10:42:46":18,"b:43:4:45:Infinity:undefined:undefined:undefined:undefined":2,"s:43:4:45:Infinity":19,"s:44:8:44:Infinity":20,"s:45:8:45:Infinity":21,"s:48:4:80:Infinity":22,"s:49:34:49:62":23,"s:51:23:54:24":24,"f:52:13:52:18":4,"s:52:29:52:101":25,"f:53:13:53:19":5,"s:53:28:53:46":26,"s:56:24:56:71":27,"f:56:31:56:36":6,"s:56:42:56:58":28,"s:57:24:57:73":29,"f:57:31:57:36":7,"s:57:43:57:71":30,"s:59:8:59:Infinity":31,"s:60:8:60:Infinity":32,"s:61:8:61:Infinity":33,"s:62:8:62:Infinity":34,"s:64:14:64:50":35,"s:66:8:68:Infinity":36,"s:67:26:67:Infinity":37,"b:67:26:67:62:67:62:67:Infinity":3,"b:68:12:68:Infinity:undefined:undefined:undefined:undefined":4,"s:68:12:68:Infinity":38,"s:68:23:68:Infinity":39,"s:71:8:71:Infinity":40,"s:72:8:72:Infinity":41,"s:73:8:73:Infinity":42,"s:75:8:75:Infinity":43,"b:76:8:80:Infinity:78:15:80:Infinity":5,"s:76:8:80:Infinity":44,"s:77:12:77:Infinity":45,"s:79:12:79:Infinity":46,"s:80:12:80:Infinity":47}}}
,"/home/runner/work/Docupy/Docupy/backend/controllers/upload.controller.ts": {"path":"/home/runner/work/Docupy/Docupy/backend/controllers/upload.controller.ts","statementMap":{"0":{"start":{"line":10,"column":28},"end":{"line":37,"column":null}},"1":{"start":{"line":11,"column":17},"end":{"line":11,"column":null}},"2":{"start":{"line":12,"column":4},"end":{"line":37,"column":null}},"3":{"start":{"line":13,"column":21},"end":{"line":13,"column":64}},"4":{"start":{"line":14,"column":14},"end":{"line":14,"column":38}},"5":{"start":{"line":15,"column":14},"end":{"line":15,"column":35}},"6":{"start":{"line":16,"column":21},"end":{"line":16,"column":62}},"7":{"start":{"line":18,"column":27},"end":{"line":19,"column":null}},"8":{"start":{"line":19,"column":24},"end":{"line":19,"column":90}},"9":{"start":{"line":19,"column":66},"end":{"line":19,"column":90}},"10":{"start":{"line":22,"column":8},"end":{"line":30,"column":null}},"11":{"start":{"line":23,"column":38},"end":{"line":29,"column":15}},"12":{"start":{"line":32,"column":8},"end":{"line":32,"column":null}},"13":{"start":{"line":34,"column":8},"end":{"line":34,"column":null}},"14":{"start":{"line":35,"column":8},"end":{"line":35,"column":null}},"15":{"start":{"line":37,"column":8},"end":{"line":37,"column":null}}},"fnMap":{"0":{"name":"(anonymous_0)","decl":{"start":{"line":10,"column":28},"end":{"line":10,"column":35}},"loc":{"start":{"line":10,"column":71},"end":{"line":37,"column":null}},"line":10},"1":{"name":"(anonymous_1)","decl":{"start":{"line":19,"column":19},"end":{"line":19,"column":24}},"loc":{"start":{"line":19,"column":24},"end":{"line":19,"column":90}},"line":19},"2":{"name":"(anonymous_2)","decl":{"start":{"line":19,"column":54},"end":{"line":19,"column":60}},"loc":{"start":{"line":19,"column":66},"end":{"line":19,"column":90}},"line":19},"3":{"name":"(anonymous_3)","decl":{"start":{"line":23,"column":19},"end":{"line":23,"column":24}},"loc":{"start":{"line":23,"column":38},"end":{"line":29,"column":15}},"line":23},"4":{"name":"(anonymous_4)","decl":{"start":{"line":37,"column":23},"end":{"line":37,"column":35}},"loc":{"start":{"line":37,"column":35},"end":{"line":37,"column":38}},"line":37}},"branchMap":{},"s":{"0":1,"1":8,"2":8,"3":8,"4":6,"5":6,"6":6,"7":6,"8":8,"9":8,"10":6,"11":8,"12":5,"13":3,"14":3,"15":8},"f":{"0":8,"1":8,"2":8,"3":8,"4":8},"b":{},"meta":{"lastBranch":0,"lastFunction":5,"lastStatement":16,"seen":{"s:10:28:37:Infinity":0,"f:10:28:10:35":0,"s:11:17:11:Infinity":1,"s:12:4:37:Infinity":2,"s:13:21:13:64":3,"s:14:14:14:38":4,"s:15:14:15:35":5,"s:16:21:16:62":6,"s:18:27:19:Infinity":7,"f:19:19:19:24":1,"s:19:24:19:90":8,"f:19:54:19:60":2,"s:19:66:19:90":9,"s:22:8:30:Infinity":10,"f:23:19:23:24":3,"s:23:38:29:15":11,"s:32:8:32:Infinity":12,"s:34:8:34:Infinity":13,"s:35:8:35:Infinity":14,"s:37:8:37:Infinity":15,"f:37:23:37:35":4}}}
,"/home/runner/work/Docupy/Docupy/backend/middleware/auth.middleware.ts": {"path":"/home/runner/work/Docupy/Docupy/backend/middleware/auth.middleware.ts","statementMap":{"0":{"start":{"line":11,"column":19},"end":{"line":11,"column":null}},"1":{"start":{"line":12,"column":4},"end":{"line":14,"column":null}},"2":{"start":{"line":13,"column":8},"end":{"line":13,"column":null}},"3":{"start":{"line":14,"column":8},"end":{"line":14,"column":null}},"4":{"start":{"line":16,"column":4},"end":{"line":23,"column":null}},"5":{"start":{"line":17,"column":14},"end":{"line":17,"column":52}},"6":{"start":{"line":18,"column":8},"end":{"line":18,"column":null}},"7":{"start":{"line":19,"column":8},"end":{"line":19,"column":null}},"8":{"start":{"line":20,"column":8},"end":{"line":20,"column":null}},"9":{"start":{"line":21,"column":8},"end":{"line":21,"column":null}},"10":{"start":{"line":23,"column":8},"end":{"line":23,"column":null}}},"fnMap":{"0":{"name":"requireAuth","decl":{"start":{"line":10,"column":16},"end":{"line":10,"column":28}},"loc":{"start":{"line":10,"column":81},"end":{"line":23,"column":null}},"line":10}},"branchMap":{"0":{"loc":{"start":{"line":12,"column":4},"end":{"line":14,"column":null}},"type":"if","locations":[{"start":{"line":12,"column":4},"end":{"line":14,"column":null}},{"start":{},"end":{}}],"line":12}},"s":{"0":7,"1":7,"2":3,"3":3,"4":4,"5":4,"6":4,"7":4,"8":4,"9":4,"10":2},"f":{"0":7},"b":{"0":[3,4]},"meta":{"lastBranch":1,"lastFunction":1,"lastStatement":11,"seen":{"f:10:16:10:28":0,"s:11:19:11:Infinity":0,"b:12:4:14:Infinity:undefined:undefined:undefined:undefined":0,"s:12:4:14:Infinity":1,"s:13:8:13:Infinity":2,"s:14:8:14:Infinity":3,"s:16:4:23:Infinity":4,"s:17:14:17:52":5,"s:18:8:18:Infinity":6,"s:19:8:19:Infinity":7,"s:20:8:20:Infinity":8,"s:21:8:21:Infinity":9,"s:23:8:23:Infinity":10}}}
,"/home/runner/work/Docupy/Docupy/backend/middleware/upload.middleware.ts": {"path":"/home/runner/work/Docupy/Docupy/backend/middleware/upload.middleware.ts","statementMap":{"0":{"start":{"line":4,"column":16},"end":{"line":7,"column":2}},"1":{"start":{"line":5,"column":36},"end":{"line":5,"column":56}},"2":{"start":{"line":6,"column":33},"end":{"line":6,"column":null}},"3":{"start":{"line":9,"column":13},"end":{"line":19,"column":2}},"4":{"start":{"line":13,"column":8},"end":{"line":16,"column":null}},"5":{"start":{"line":14,"column":12},"end":{"line":14,"column":null}},"6":{"start":{"line":16,"column":12},"end":{"line":16,"column":null}}},"fnMap":{"0":{"name":"(anonymous_0)","decl":{"start":{"line":5,"column":4},"end":{"line":5,"column":18}},"loc":{"start":{"line":5,"column":36},"end":{"line":5,"column":56}},"line":5},"1":{"name":"(anonymous_1)","decl":{"start":{"line":6,"column":4},"end":{"line":6,"column":15}},"loc":{"start":{"line":6,"column":33},"end":{"line":6,"column":null}},"line":6},"2":{"name":"(anonymous_2)","decl":{"start":{"line":12,"column":4},"end":{"line":12,"column":17}},"loc":{"start":{"line":12,"column":36},"end":{"line":16,"column":null}},"line":12}},"branchMap":{"0":{"loc":{"start":{"line":13,"column":8},"end":{"line":16,"column":null}},"type":"if","locations":[{"start":{"line":13,"column":8},"end":{"line":16,"column":null}},{"start":{"line":15,"column":15},"end":{"line":16,"column":null}}],"line":13}},"s":{"0":0,"1":0,"2":0,"3":0,"4":0,"5":0,"6":0},"f":{"0":0,"1":0,"2":0},"b":{"0":[0,0]},"meta":{"lastBranch":1,"lastFunction":3,"lastStatement":7,"seen":{"s:4:16:7:2":0,"f:5:4:5:18":0,"s:5:36:5:56":1,"f:6:4:6:15":1,"s:6:33:6:Infinity":2,"s:9:13:19:2":3,"f:12:4:12:17":2,"b:13:8:16:Infinity:15:15:16:Infinity":0,"s:13:8:16:Infinity":4,"s:14:12:14:Infinity":5,"s:16:12:16:Infinity":6}}}
,"/home/runner/work/Docupy/Docupy/backend/services/ai.service.ts": {"path":"/home/runner/work/Docupy/Docupy/backend/services/ai.service.ts","statementMap":{"0":{"start":{"line":3,"column":6},"end":{"line":11,"column":null}},"1":{"start":{"line":3,"column":56},"end":{"line":11,"column":null}},"2":{"start":{"line":14,"column":21},"end":{"line":20,"column":null}},"3":{"start":{"line":15,"column":21},"end":{"line":18,"column":6}},"4":{"start":{"line":20,"column":4},"end":{"line":20,"column":null}},"5":{"start":{"line":23,"column":13},"end":{"line":27,"column":6}},"6":{"start":{"line":24,"column":4},"end":{"line":27,"column":6}}},"fnMap":{"0":{"name":"(anonymous_0)","decl":{"start":{"line":3,"column":6},"end":{"line":3,"column":18}},"loc":{"start":{"line":3,"column":56},"end":{"line":11,"column":null}},"line":3},"1":{"name":"(anonymous_1)","decl":{"start":{"line":14,"column":21},"end":{"line":14,"column":28}},"loc":{"start":{"line":14,"column":83},"end":{"line":20,"column":null}},"line":14},"2":{"name":"(anonymous_2)","decl":{"start":{"line":23,"column":13},"end":{"line":23,"column":25}},"loc":{"start":{"line":24,"column":4},"end":{"line":27,"column":6}},"line":24}},"branchMap":{"0":{"loc":{"start":{"line":20,"column":11},"end":{"line":20,"column":null}},"type":"binary-expr","locations":[{"start":{"line":20,"column":11},"end":{"line":20,"column":50}},{"start":{"line":20,"column":50},"end":{"line":20,"column":null}}],"line":20}},"s":{"0":0,"1":0,"2":0,"3":0,"4":0,"5":0,"6":0},"f":{"0":0,"1":0,"2":0},"b":{"0":[0,0]},"meta":{"lastBranch":1,"lastFunction":3,"lastStatement":7,"seen":{"s:3:6:11:Infinity":0,"f:3:6:3:18":0,"s:3:56:11:Infinity":1,"s:14:21:20:Infinity":2,"f:14:21:14:28":1,"s:15:21:18:6":3,"s:20:4:20:Infinity":4,"b:20:11:20:50:20:50:20:Infinity":0,"s:23:13:27:6":5,"f:23:13:23:25":2,"s:24:4:27:6":6}}}
,"/home/runner/work/Docupy/Docupy/backend/services/auth.service.ts": {"path":"/home/runner/work/Docupy/Docupy/backend/services/auth.service.ts","statementMap":{"0":{"start":{"line":7,"column":0},"end":{"line":7,"column":null}},"1":{"start":{"line":7,"column":29},"end":{"line":7,"column":null}},"2":{"start":{"line":8,"column":19},"end":{"line":8,"column":null}},"3":{"start":{"line":11,"column":4},"end":{"line":11,"column":null}},"4":{"start":{"line":11,"column":82},"end":{"line":11,"column":120}},"5":{"start":{"line":13,"column":4},"end":{"line":13,"column":null}},"6":{"start":{"line":14,"column":4},"end":{"line":14,"column":null}},"7":{"start":{"line":17,"column":4},"end":{"line":26,"column":null}},"8":{"start":{"line":26,"column":22},"end":{"line":26,"column":69}},"9":{"start":{"line":28,"column":4},"end":{"line":34,"column":null}},"10":{"start":{"line":29,"column":101},"end":{"line":29,"column":148}},"11":{"start":{"line":30,"column":126},"end":{"line":30,"column":173}},"12":{"start":{"line":31,"column":99},"end":{"line":31,"column":146}},"13":{"start":{"line":38,"column":15},"end":{"line":38,"column":58}},"14":{"start":{"line":39,"column":4},"end":{"line":40,"column":null}},"15":{"start":{"line":40,"column":8},"end":{"line":40,"column":null}},"16":{"start":{"line":42,"column":4},"end":{"line":44,"column":null}},"17":{"start":{"line":43,"column":8},"end":{"line":43,"column":null}},"18":{"start":{"line":44,"column":8},"end":{"line":44,"column":null}},"19":{"start":{"line":46,"column":4},"end":{"line":46,"column":null}},"20":{"start":{"line":47,"column":4},"end":{"line":47,"column":null}},"21":{"start":{"line":51,"column":21},"end":{"line":51,"column":61}},"22":{"start":{"line":52,"column":4},"end":{"line":53,"column":null}},"23":{"start":{"line":53,"column":8},"end":{"line":53,"column":null}},"24":{"start":{"line":55,"column":25},"end":{"line":55,"column":56}},"25":{"start":{"line":56,"column":17},"end":{"line":56,"column":65}},"26":{"start":{"line":57,"column":4},"end":{"line":57,"column":null}},"27":{"start":{"line":61,"column":17},"end":{"line":61,"column":57}},"28":{"start":{"line":62,"column":4},"end":{"line":63,"column":null}},"29":{"start":{"line":63,"column":8},"end":{"line":63,"column":null}},"30":{"start":{"line":65,"column":4},"end":{"line":65,"column":null}},"31":{"start":{"line":69,"column":18},"end":{"line":72,"column":null}},"32":{"start":{"line":74,"column":4},"end":{"line":74,"column":null}},"33":{"start":{"line":78,"column":4},"end":{"line":78,"column":null}},"34":{"start":{"line":82,"column":21},"end":{"line":82,"column":61}},"35":{"start":{"line":83,"column":4},"end":{"line":84,"column":null}},"36":{"start":{"line":84,"column":8},"end":{"line":84,"column":null}},"37":{"start":{"line":86,"column":17},"end":{"line":86,"column":44}},"38":{"start":{"line":87,"column":4},"end":{"line":87,"column":null}},"39":{"start":{"line":87,"column":15},"end":{"line":87,"column":null}},"40":{"start":{"line":88,"column":4},"end":{"line":88,"column":null}},"41":{"start":{"line":89,"column":4},"end":{"line":89,"column":null}},"42":{"start":{"line":93,"column":17},"end":{"line":93,"column":44}},"43":{"start":{"line":94,"column":4},"end":{"line":94,"column":null}},"44":{"start":{"line":94,"column":37},"end":{"line":94,"column":null}},"45":{"start":{"line":95,"column":4},"end":{"line":96,"column":null}},"46":{"start":{"line":96,"column":8},"end":{"line":96,"column":null}},"47":{"start":{"line":98,"column":4},"end":{"line":98,"column":null}}},"fnMap":{"0":{"name":"initDatabase","decl":{"start":{"line":10,"column":22},"end":{"line":10,"column":37}},"loc":{"start":{"line":10,"column":37},"end":{"line":34,"column":null}},"line":10},"1":{"name":"(anonymous_1)","decl":{"start":{"line":11,"column":67},"end":{"line":11,"column":74}},"loc":{"start":{"line":11,"column":82},"end":{"line":11,"column":120}},"line":11},"2":{"name":"(anonymous_2)","decl":{"start":{"line":26,"column":7},"end":{"line":26,"column":14}},"loc":{"start":{"line":26,"column":22},"end":{"line":26,"column":69}},"line":26},"3":{"name":"(anonymous_3)","decl":{"start":{"line":29,"column":86},"end":{"line":29,"column":93}},"loc":{"start":{"line":29,"column":101},"end":{"line":29,"column":148}},"line":29},"4":{"name":"(anonymous_4)","decl":{"start":{"line":30,"column":111},"end":{"line":30,"column":118}},"loc":{"start":{"line":30,"column":126},"end":{"line":30,"column":173}},"line":30},"5":{"name":"(anonymous_5)","decl":{"start":{"line":31,"column":84},"end":{"line":31,"column":91}},"loc":{"start":{"line":31,"column":99},"end":{"line":31,"column":146}},"line":31},"6":{"name":"(anonymous_6)","decl":{"start":{"line":33,"column":114},"end":{"line":33,"column":126}},"loc":{"start":{"line":33,"column":126},"end":{"line":33,"column":null}},"line":33},"7":{"name":"findOrCreateGoogleUser","decl":{"start":{"line":37,"column":22},"end":{"line":37,"column":45}},"loc":{"start":{"line":37,"column":92},"end":{"line":47,"column":null}},"line":37},"8":{"name":"registerUser","decl":{"start":{"line":50,"column":22},"end":{"line":50,"column":35}},"loc":{"start":{"line":50,"column":82},"end":{"line":57,"column":null}},"line":50},"9":{"name":"loginUser","decl":{"start":{"line":60,"column":22},"end":{"line":60,"column":32}},"loc":{"start":{"line":60,"column":65},"end":{"line":65,"column":null}},"line":60},"10":{"name":"signToken","decl":{"start":{"line":68,"column":9},"end":{"line":68,"column":19}},"loc":{"start":{"line":68,"column":31},"end":{"line":74,"column":null}},"line":68},"11":{"name":"verifyToken","decl":{"start":{"line":77,"column":16},"end":{"line":77,"column":28}},"loc":{"start":{"line":77,"column":43},"end":{"line":78,"column":null}},"line":77},"12":{"name":"updateProfile","decl":{"start":{"line":81,"column":22},"end":{"line":81,"column":36}},"loc":{"start":{"line":81,"column":81},"end":{"line":89,"column":null}},"line":81},"13":{"name":"changePassword","decl":{"start":{"line":92,"column":22},"end":{"line":92,"column":37}},"loc":{"start":{"line":92,"column":99},"end":{"line":98,"column":null}},"line":92}},"branchMap":{"0":{"loc":{"start":{"line":7,"column":0},"end":{"line":7,"column":null}},"type":"if","locations":[{"start":{"line":7,"column":0},"end":{"line":7,"column":null}},{"start":{},"end":{}}],"line":7},"1":{"loc":{"start":{"line":39,"column":4},"end":{"line":40,"column":null}},"type":"if","locations":[{"start":{"line":39,"column":4},"end":{"line":40,"column":null}},{"start":{},"end":{}}],"line":39},"2":{"loc":{"start":{"line":42,"column":4},"end":{"line":44,"column":null}},"type":"if","locations":[{"start":{"line":42,"column":4},"end":{"line":44,"column":null}},{"start":{},"end":{}}],"line":42},"3":{"loc":{"start":{"line":52,"column":4},"end":{"line":53,"column":null}},"type":"if","locations":[{"start":{"line":52,"column":4},"end":{"line":53,"column":null}},{"start":{},"end":{}}],"line":52},"4":{"loc":{"start":{"line":62,"column":4},"end":{"line":63,"column":null}},"type":"if","locations":[{"start":{"line":62,"column":4},"end":{"line":63,"column":null}},{"start":{},"end":{}}],"line":62},"5":{"loc":{"start":{"line":62,"column":8},"end":{"line":62,"column":90}},"type":"binary-expr","locations":[{"start":{"line":62,"column":8},"end":{"line":62,"column":17}},{"start":{"line":62,"column":17},"end":{"line":62,"column":39}},{"start":{"line":62,"column":39},"end":{"line":62,"column":90}}],"line":62},"6":{"loc":{"start":{"line":83,"column":4},"end":{"line":84,"column":null}},"type":"if","locations":[{"start":{"line":83,"column":4},"end":{"line":84,"column":null}},{"start":{},"end":{}}],"line":83},"7":{"loc":{"start":{"line":83,"column":8},"end":{"line":83,"column":44}},"type":"binary-expr","locations":[{"start":{"line":83,"column":8},"end":{"line":83,"column":20}},{"start":{"line":83,"column":20},"end":{"line":83,"column":44}}],"line":83},"8":{"loc":{"start":{"line":87,"column":4},"end":{"line":87,"column":null}},"type":"if","locations":[{"start":{"line":87,"column":4},"end":{"line":87,"column":null}},{"start":{},"end":{}}],"line":87},"9":{"loc":{"start":{"line":94,"column":4},"end":{"line":94,"column":null}},"type":"if","locations":[{"start":{"line":94,"column":4},"end":{"line":94,"column":null}},{"start":{},"end":{}}],"line":94},"10":{"loc":{"start":{"line":94,"column":8},"end":{"line":94,"column":37}},"type":"binary-expr","locations":[{"start":{"line":94,"column":8},"end":{"line":94,"column":17}},{"start":{"line":94,"column":17},"end":{"line":94,"column":37}}],"line":94},"11":{"loc":{"start":{"line":95,"column":4},"end":{"line":96,"column":null}},"type":"if","locations":[{"start":{"line":95,"column":4},"end":{"line":96,"column":null}},{"start":{},"end":{}}],"line":95}},"s":{"0":0,"1":0,"2":0,"3":0,"4":0,"5":0,"6":0,"7":0,"8":0,"9":0,"10":0,"11":0,"12":0,"13":0,"14":0,"15":0,"16":0,"17":0,"18":0,"19":0,"20":0,"21":0,"22":0,"23":0,"24":0,"25":0,"26":0,"27":0,"28":0,"29":0,"30":0,"31":0,"32":0,"33":0,"34":0,"35":0,"36":0,"37":0,"38":0,"39":0,"40":0,"41":0,"42":0,"43":0,"44":0,"45":0,"46":0,"47":0},"f":{"0":0,"1":0,"2":0,"3":0,"4":0,"5":0,"6":0,"7":0,"8":0,"9":0,"10":0,"11":0,"12":0,"13":0},"b":{"0":[0,0],"1":[0,0],"2":[0,0],"3":[0,0],"4":[0,0],"5":[0,0,0],"6":[0,0],"7":[0,0],"8":[0,0],"9":[0,0],"10":[0,0],"11":[0,0]},"meta":{"lastBranch":12,"lastFunction":14,"lastStatement":48,"seen":{"b:7:0:7:Infinity:undefined:undefined:undefined:undefined":0,"s:7:0:7:Infinity":0,"s:7:29:7:Infinity":1,"s:8:19:8:Infinity":2,"f:10:22:10:37":0,"s:11:4:11:Infinity":3,"f:11:67:11:74":1,"s:11:82:11:120":4,"s:13:4:13:Infinity":5,"s:14:4:14:Infinity":6,"s:17:4:26:Infinity":7,"f:26:7:26:14":2,"s:26:22:26:69":8,"s:28:4:34:Infinity":9,"f:29:86:29:93":3,"s:29:101:29:148":10,"f:30:111:30:118":4,"s:30:126:30:173":11,"f:31:84:31:91":5,"s:31:99:31:146":12,"f:33:114:33:126":6,"f:37:22:37:45":7,"s:38:15:38:58":13,"b:39:4:40:Infinity:undefined:undefined:undefined:undefined":1,"s:39:4:40:Infinity":14,"s:40:8:40:Infinity":15,"b:42:4:44:Infinity:undefined:undefined:undefined:undefined":2,"s:42:4:44:Infinity":16,"s:43:8:43:Infinity":17,"s:44:8:44:Infinity":18,"s:46:4:46:Infinity":19,"s:47:4:47:Infinity":20,"f:50:22:50:35":8,"s:51:21:51:61":21,"b:52:4:53:Infinity:undefined:undefined:undefined:undefined":3,"s:52:4:53:Infinity":22,"s:53:8:53:Infinity":23,"s:55:25:55:56":24,"s:56:17:56:65":25,"s:57:4:57:Infinity":26,"f:60:22:60:32":9,"s:61:17:61:57":27,"b:62:4:63:Infinity:undefined:undefined:undefined:undefined":4,"s:62:4:63:Infinity":28,"b:62:8:62:17:62:17:62:39:62:39:62:90":5,"s:63:8:63:Infinity":29,"s:65:4:65:Infinity":30,"f:68:9:68:19":10,"s:69:18:72:Infinity":31,"s:74:4:74:Infinity":32,"f:77:16:77:28":11,"s:78:4:78:Infinity":33,"f:81:22:81:36":12,"s:82:21:82:61":34,"b:83:4:84:Infinity:undefined:undefined:undefined:undefined":6,"s:83:4:84:Infinity":35,"b:83:8:83:20:83:20:83:44":7,"s:84:8:84:Infinity":36,"s:86:17:86:44":37,"b:87:4:87:Infinity:undefined:undefined:undefined:undefined":8,"s:87:4:87:Infinity":38,"s:87:15:87:Infinity":39,"s:88:4:88:Infinity":40,"s:89:4:89:Infinity":41,"f:92:22:92:37":13,"s:93:17:93:44":42,"b:94:4:94:Infinity:undefined:undefined:undefined:undefined":9,"s:94:4:94:Infinity":43,"b:94:8:94:17:94:17:94:37":10,"s:94:37:94:Infinity":44,"b:95:4:96:Infinity:undefined:undefined:undefined:undefined":11,"s:95:4:96:Infinity":45,"s:96:8:96:Infinity":46,"s:98:4:98:Infinity":47}}}
,"/home/runner/work/Docupy/Docupy/backend/services/chunk.service.ts": {"path":"/home/runner/work/Docupy/Docupy/backend/services/chunk.service.ts","statementMap":{"0":{"start":{"line":3,"column":21},"end":{"line":3,"column":null}},"1":{"start":{"line":5,"column":13},"end":{"line":29,"column":null}},"2":{"start":{"line":6,"column":22},"end":{"line":10,"column":36}},"3":{"start":{"line":9,"column":20},"end":{"line":9,"column":28}},"4":{"start":{"line":10,"column":23},"end":{"line":10,"column":36}},"5":{"start":{"line":12,"column":29},"end":{"line":12,"column":31}},"6":{"start":{"line":13,"column":28},"end":{"line":13,"column":30}},"7":{"start":{"line":14,"column":21},"end":{"line":14,"column":null}},"8":{"start":{"line":16,"column":4},"end":{"line":24,"column":null}},"9":{"start":{"line":17,"column":8},"end":{"line":21,"column":null}},"10":{"start":{"line":18,"column":12},"end":{"line":18,"column":null}},"11":{"start":{"line":20,"column":12},"end":{"line":20,"column":null}},"12":{"start":{"line":21,"column":12},"end":{"line":21,"column":null}},"13":{"start":{"line":21,"column":52},"end":{"line":21,"column":72}},"14":{"start":{"line":23,"column":8},"end":{"line":23,"column":null}},"15":{"start":{"line":24,"column":8},"end":{"line":24,"column":null}},"16":{"start":{"line":27,"column":4},"end":{"line":27,"column":null}},"17":{"start":{"line":27,"column":28},"end":{"line":27,"column":null}},"18":{"start":{"line":29,"column":4},"end":{"line":29,"column":null}}},"fnMap":{"0":{"name":"(anonymous_0)","decl":{"start":{"line":5,"column":13},"end":{"line":5,"column":26}},"loc":{"start":{"line":5,"column":84},"end":{"line":29,"column":null}},"line":5},"1":{"name":"(anonymous_1)","decl":{"start":{"line":9,"column":9},"end":{"line":9,"column":14}},"loc":{"start":{"line":9,"column":20},"end":{"line":9,"column":28}},"line":9},"2":{"name":"(anonymous_2)","decl":{"start":{"line":10,"column":9},"end":{"line":10,"column":17}},"loc":{"start":{"line":10,"column":23},"end":{"line":10,"column":36}},"line":10},"3":{"name":"(anonymous_3)","decl":{"start":{"line":21,"column":33},"end":{"line":21,"column":41}},"loc":{"start":{"line":21,"column":52},"end":{"line":21,"column":72}},"line":21}},"branchMap":{"0":{"loc":{"start":{"line":5,"column":40},"end":{"line":5,"column":58}},"type":"default-arg","locations":[{"start":{"line":5,"column":53},"end":{"line":5,"column":58}}],"line":5},"1":{"loc":{"start":{"line":5,"column":58},"end":{"line":5,"column":84}},"type":"default-arg","locations":[{"start":{"line":5,"column":68},"end":{"line":5,"column":84}}],"line":5},"2":{"loc":{"start":{"line":17,"column":8},"end":{"line":21,"column":null}},"type":"if","locations":[{"start":{"line":17,"column":8},"end":{"line":21,"column":null}},{"start":{},"end":{}}],"line":17},"3":{"loc":{"start":{"line":17,"column":12},"end":{"line":17,"column":77}},"type":"binary-expr","locations":[{"start":{"line":17,"column":12},"end":{"line":17,"column":57}},{"start":{"line":17,"column":57},"end":{"line":17,"column":77}}],"line":17},"4":{"loc":{"start":{"line":27,"column":4},"end":{"line":27,"column":null}},"type":"if","locations":[{"start":{"line":27,"column":4},"end":{"line":27,"column":null}},{"start":{},"end":{}}],"line":27}},"s":{"0":1,"1":1,"2":11,"3":60,"4":60,"5":11,"6":11,"7":11,"8":11,"9":58,"10":24,"11":24,"12":24,"13":99,"14":58,"15":58,"16":11,"17":9,"18":11},"f":{"0":11,"1":60,"2":60,"3":99},"b":{"0":[11],"1":[11],"2":[24,34],"3":[58,24],"4":[9,2]},"meta":{"lastBranch":5,"lastFunction":4,"lastStatement":19,"seen":{"s:3:21:3:Infinity":0,"s:5:13:29:Infinity":1,"f:5:13:5:26":0,"b:5:53:5:58":0,"b:5:68:5:84":1,"s:6:22:10:36":2,"f:9:9:9:14":1,"s:9:20:9:28":3,"f:10:9:10:17":2,"s:10:23:10:36":4,"s:12:29:12:31":5,"s:13:28:13:30":6,"s:14:21:14:Infinity":7,"s:16:4:24:Infinity":8,"b:17:8:21:Infinity:undefined:undefined:undefined:undefined":2,"s:17:8:21:Infinity":9,"b:17:12:17:57:17:57:17:77":3,"s:18:12:18:Infinity":10,"s:20:12:20:Infinity":11,"s:21:12:21:Infinity":12,"f:21:33:21:41":3,"s:21:52:21:72":13,"s:23:8:23:Infinity":14,"s:24:8:24:Infinity":15,"b:27:4:27:Infinity:undefined:undefined:undefined:undefined":4,"s:27:4:27:Infinity":16,"s:27:28:27:Infinity":17,"s:29:4:29:Infinity":18}}}
,"/home/runner/work/Docupy/Docupy/backend/services/embedding.service.ts": {"path":"/home/runner/work/Docupy/Docupy/backend/services/embedding.service.ts","statementMap":{"0":{"start":{"line":3,"column":28},"end":{"line":9,"column":null}},"1":{"start":{"line":4,"column":21},"end":{"line":7,"column":6}},"2":{"start":{"line":9,"column":4},"end":{"line":9,"column":null}}},"fnMap":{"0":{"name":"(anonymous_0)","decl":{"start":{"line":3,"column":28},"end":{"line":3,"column":35}},"loc":{"start":{"line":3,"column":71},"end":{"line":9,"column":null}},"line":3}},"branchMap":{},"s":{"0":0,"1":0,"2":0},"f":{"0":0},"b":{},"meta":{"lastBranch":0,"lastFunction":1,"lastStatement":3,"seen":{"s:3:28:9:Infinity":0,"f:3:28:3:35":0,"s:4:21:7:6":1,"s:9:4:9:Infinity":2}}}
,"/home/runner/work/Docupy/Docupy/backend/services/extract.service.ts": {"path":"/home/runner/work/Docupy/Docupy/backend/services/extract.service.ts","statementMap":{"0":{"start":{"line":5,"column":34},"end":{"line":9,"column":null}},"1":{"start":{"line":12,"column":4},"end":{"line":16,"column":null}},"2":{"start":{"line":13,"column":23},"end":{"line":13,"column":59}},"3":{"start":{"line":14,"column":23},"end":{"line":14,"column":53}},"4":{"start":{"line":15,"column":21},"end":{"line":15,"column":43}},"5":{"start":{"line":16,"column":8},"end":{"line":16,"column":null}},"6":{"start":{"line":19,"column":4},"end":{"line":21,"column":null}},"7":{"start":{"line":20,"column":26},"end":{"line":20,"column":74}},"8":{"start":{"line":21,"column":8},"end":{"line":21,"column":null}},"9":{"start":{"line":25,"column":4},"end":{"line":25,"column":null}}},"fnMap":{"0":{"name":"extractText","decl":{"start":{"line":11,"column":22},"end":{"line":11,"column":34}},"loc":{"start":{"line":11,"column":87},"end":{"line":25,"column":null}},"line":11}},"branchMap":{"0":{"loc":{"start":{"line":12,"column":4},"end":{"line":16,"column":null}},"type":"if","locations":[{"start":{"line":12,"column":4},"end":{"line":16,"column":null}},{"start":{},"end":{}}],"line":12},"1":{"loc":{"start":{"line":19,"column":4},"end":{"line":21,"column":null}},"type":"if","locations":[{"start":{"line":19,"column":4},"end":{"line":21,"column":null}},{"start":{},"end":{}}],"line":19}},"s":{"0":0,"1":0,"2":0,"3":0,"4":0,"5":0,"6":0,"7":0,"8":0,"9":0},"f":{"0":0},"b":{"0":[0,0],"1":[0,0]},"meta":{"lastBranch":2,"lastFunction":1,"lastStatement":10,"seen":{"s:5:34:9:Infinity":0,"f:11:22:11:34":0,"b:12:4:16:Infinity:undefined:undefined:undefined:undefined":0,"s:12:4:16:Infinity":1,"s:13:23:13:59":2,"s:14:23:14:53":3,"s:15:21:15:43":4,"s:16:8:16:Infinity":5,"b:19:4:21:Infinity:undefined:undefined:undefined:undefined":1,"s:19:4:21:Infinity":6,"s:20:26:20:74":7,"s:21:8:21:Infinity":8,"s:25:4:25:Infinity":9}}}
,"/home/runner/work/Docupy/Docupy/backend/services/guest-session.service.ts": {"path":"/home/runner/work/Docupy/Docupy/backend/services/guest-session.service.ts","statementMap":{"0":{"start":{"line":12,"column":17},"end":{"line":12,"column":48}},"1":{"start":{"line":14,"column":15},"end":{"line":14,"column":null}},"2":{"start":{"line":17,"column":0},"end":{"line":22,"column":null}},"3":{"start":{"line":18,"column":16},"end":{"line":18,"column":26}},"4":{"start":{"line":19,"column":4},"end":{"line":20,"column":null}},"5":{"start":{"line":20,"column":8},"end":{"line":20,"column":null}},"6":{"start":{"line":20,"column":46},"end":{"line":20,"column":null}},"7":{"start":{"line":25,"column":15},"end":{"line":25,"column":34}},"8":{"start":{"line":26,"column":4},"end":{"line":26,"column":null}},"9":{"start":{"line":27,"column":4},"end":{"line":27,"column":null}},"10":{"start":{"line":31,"column":4},"end":{"line":31,"column":null}}},"fnMap":{"0":{"name":"(anonymous_0)","decl":{"start":{"line":17,"column":0},"end":{"line":17,"column":18}},"loc":{"start":{"line":17,"column":18},"end":{"line":22,"column":8}},"line":17},"1":{"name":"createGuestSession","decl":{"start":{"line":24,"column":16},"end":{"line":24,"column":35}},"loc":{"start":{"line":24,"column":79},"end":{"line":27,"column":null}},"line":24},"2":{"name":"getGuestSession","decl":{"start":{"line":30,"column":16},"end":{"line":30,"column":32}},"loc":{"start":{"line":30,"column":70},"end":{"line":31,"column":null}},"line":30}},"branchMap":{"0":{"loc":{"start":{"line":20,"column":8},"end":{"line":20,"column":null}},"type":"if","locations":[{"start":{"line":20,"column":8},"end":{"line":20,"column":null}},{"start":{},"end":{}}],"line":20}},"s":{"0":1,"1":1,"2":1,"3":0,"4":0,"5":0,"6":0,"7":15,"8":15,"9":15,"10":11},"f":{"0":0,"1":15,"2":11},"b":{"0":[0,0]},"meta":{"lastBranch":1,"lastFunction":3,"lastStatement":11,"seen":{"s:12:17:12:48":0,"s:14:15:14:Infinity":1,"s:17:0:22:Infinity":2,"f:17:0:17:18":0,"s:18:16:18:26":3,"s:19:4:20:Infinity":4,"b:20:8:20:Infinity:undefined:undefined:undefined:undefined":0,"s:20:8:20:Infinity":5,"s:20:46:20:Infinity":6,"f:24:16:24:35":1,"s:25:15:25:34":7,"s:26:4:26:Infinity":8,"s:27:4:27:Infinity":9,"f:30:16:30:32":2,"s:31:4:31:Infinity":10}}}
,"/home/runner/work/Docupy/Docupy/backend/services/pdf.service.ts": {"path":"/home/runner/work/Docupy/Docupy/backend/services/pdf.service.ts","statementMap":{"0":{"start":{"line":4,"column":34},"end":{"line":8,"column":null}},"1":{"start":{"line":5,"column":23},"end":{"line":5,"column":59}},"2":{"start":{"line":6,"column":19},"end":{"line":6,"column":53}},"3":{"start":{"line":7,"column":17},"end":{"line":7,"column":39}},"4":{"start":{"line":8,"column":4},"end":{"line":8,"column":null}}},"fnMap":{"0":{"name":"(anonymous_0)","decl":{"start":{"line":4,"column":34},"end":{"line":4,"column":41}},"loc":{"start":{"line":4,"column":79},"end":{"line":8,"column":null}},"line":4}},"branchMap":{},"s":{"0":0,"1":0,"2":0,"3":0,"4":0},"f":{"0":0},"b":{},"meta":{"lastBranch":0,"lastFunction":1,"lastStatement":5,"seen":{"s:4:34:8:Infinity":0,"f:4:34:4:41":0,"s:5:23:5:59":1,"s:6:19:6:53":2,"s:7:17:7:39":3,"s:8:4:8:Infinity":4}}}
,"/home/runner/work/Docupy/Docupy/backend/services/search.service.ts": {"path":"/home/runner/work/Docupy/Docupy/backend/services/search.service.ts","statementMap":{"0":{"start":{"line":1,"column":13},"end":{"line":6,"column":null}},"1":{"start":{"line":2,"column":16},"end":{"line":2,"column":62}},"2":{"start":{"line":2,"column":42},"end":{"line":2,"column":60}},"3":{"start":{"line":3,"column":17},"end":{"line":3,"column":70}},"4":{"start":{"line":3,"column":50},"end":{"line":3,"column":67}},"5":{"start":{"line":4,"column":17},"end":{"line":4,"column":70}},"6":{"start":{"line":4,"column":50},"end":{"line":4,"column":67}},"7":{"start":{"line":6,"column":4},"end":{"line":6,"column":null}}},"fnMap":{"0":{"name":"(anonymous_0)","decl":{"start":{"line":1,"column":13},"end":{"line":1,"column":33}},"loc":{"start":{"line":1,"column":62},"end":{"line":6,"column":null}},"line":1},"1":{"name":"(anonymous_1)","decl":{"start":{"line":2,"column":18},"end":{"line":2,"column":26}},"loc":{"start":{"line":2,"column":42},"end":{"line":2,"column":60}},"line":2},"2":{"name":"(anonymous_2)","decl":{"start":{"line":3,"column":29},"end":{"line":3,"column":37}},"loc":{"start":{"line":3,"column":50},"end":{"line":3,"column":67}},"line":3},"3":{"name":"(anonymous_3)","decl":{"start":{"line":4,"column":29},"end":{"line":4,"column":37}},"loc":{"start":{"line":4,"column":50},"end":{"line":4,"column":67}},"line":4}},"branchMap":{},"s":{"0":1,"1":12,"2":1563,"3":12,"4":1563,"5":12,"6":1563,"7":12},"f":{"0":12,"1":1563,"2":1563,"3":1563},"b":{},"meta":{"lastBranch":0,"lastFunction":4,"lastStatement":8,"seen":{"s:1:13:6:Infinity":0,"f:1:13:1:33":0,"s:2:16:2:62":1,"f:2:18:2:26":1,"s:2:42:2:60":2,"s:3:17:3:70":3,"f:3:29:3:37":2,"s:3:50:3:67":4,"s:4:17:4:70":5,"f:4:29:4:37":3,"s:4:50:4:67":6,"s:6:4:6:Infinity":7}}}
}
